{"/home/demarche/www/gatry/src/errors/index.js": {"path":"/home/demarche/www/gatry/src/errors/index.js","statementMap":{"0":{"start":{"line":1,"column":26},"end":{"line":1,"column":57}},"1":{"start":{"line":2,"column":26},"end":{"line":2,"column":57}},"2":{"start":{"line":3,"column":26},"end":{"line":3,"column":57}},"3":{"start":{"line":4,"column":20},"end":{"line":4,"column":45}},"4":{"start":{"line":6,"column":0},"end":{"line":11,"column":2}}},"fnMap":{},"branchMap":{},"s":{"0":2,"1":2,"2":2,"3":2,"4":2},"f":{},"b":{},"_coverageSchema":"1a1c01bbd47fc00a2c39e90264f33305004495a9","hash":"c8e1ea1e910269b79b1571ecc44c282f5d51b496"}
,"/home/demarche/www/gatry/src/errors/invalidParam-error.js": {"path":"/home/demarche/www/gatry/src/errors/invalidParam-error.js","statementMap":{"0":{"start":{"line":1,"column":0},"end":{"line":6,"column":2}},"1":{"start":{"line":3,"column":4},"end":{"line":3,"column":46}},"2":{"start":{"line":4,"column":4},"end":{"line":4,"column":36}}},"fnMap":{"0":{"name":"(anonymous_0)","decl":{"start":{"line":2,"column":2},"end":{"line":2,"column":3}},"loc":{"start":{"line":2,"column":21},"end":{"line":5,"column":3}},"line":2}},"branchMap":{},"s":{"0":2,"1":2,"2":2},"f":{"0":2},"b":{},"_coverageSchema":"1a1c01bbd47fc00a2c39e90264f33305004495a9","hash":"8ec73114cbf905e8726f8ff46d561710c2f2e24b"}
,"/home/demarche/www/gatry/src/errors/missingParam-error.js": {"path":"/home/demarche/www/gatry/src/errors/missingParam-error.js","statementMap":{"0":{"start":{"line":1,"column":0},"end":{"line":6,"column":2}},"1":{"start":{"line":3,"column":4},"end":{"line":3,"column":41}},"2":{"start":{"line":4,"column":4},"end":{"line":4,"column":36}}},"fnMap":{"0":{"name":"(anonymous_0)","decl":{"start":{"line":2,"column":2},"end":{"line":2,"column":3}},"loc":{"start":{"line":2,"column":25},"end":{"line":5,"column":3}},"line":2}},"branchMap":{},"s":{"0":2,"1":12,"2":12},"f":{"0":12},"b":{},"_coverageSchema":"1a1c01bbd47fc00a2c39e90264f33305004495a9","hash":"6467b60affa53bf12a07f1ce252693e1622bd4c4"}
,"/home/demarche/www/gatry/src/errors/server-error.js": {"path":"/home/demarche/www/gatry/src/errors/server-error.js","statementMap":{"0":{"start":{"line":1,"column":0},"end":{"line":6,"column":2}},"1":{"start":{"line":3,"column":4},"end":{"line":3,"column":28}},"2":{"start":{"line":4,"column":4},"end":{"line":4,"column":30}}},"fnMap":{"0":{"name":"(anonymous_0)","decl":{"start":{"line":2,"column":2},"end":{"line":2,"column":3}},"loc":{"start":{"line":2,"column":16},"end":{"line":5,"column":3}},"line":2}},"branchMap":{},"s":{"0":2,"1":8,"2":8},"f":{"0":8},"b":{},"_coverageSchema":"1a1c01bbd47fc00a2c39e90264f33305004495a9","hash":"a5cbb5830be6da5613f2cf6e9a61dca2a0bd7f9c"}
,"/home/demarche/www/gatry/src/errors/unauthorized-error.js": {"path":"/home/demarche/www/gatry/src/errors/unauthorized-error.js","statementMap":{"0":{"start":{"line":1,"column":0},"end":{"line":6,"column":2}},"1":{"start":{"line":3,"column":4},"end":{"line":3,"column":33}},"2":{"start":{"line":4,"column":4},"end":{"line":4,"column":36}}},"fnMap":{"0":{"name":"(anonymous_0)","decl":{"start":{"line":2,"column":2},"end":{"line":2,"column":3}},"loc":{"start":{"line":2,"column":16},"end":{"line":5,"column":3}},"line":2}},"branchMap":{},"s":{"0":2,"1":2,"2":2},"f":{"0":2},"b":{},"_coverageSchema":"1a1c01bbd47fc00a2c39e90264f33305004495a9","hash":"79202768fcb7b218c5ac9ec3fca9208c60a84e61"}
,"/home/demarche/www/gatry/src/helpers/httpResponse.js": {"path":"/home/demarche/www/gatry/src/helpers/httpResponse.js","statementMap":{"0":{"start":{"line":1,"column":26},"end":{"line":1,"column":65}},"1":{"start":{"line":2,"column":20},"end":{"line":2,"column":53}},"2":{"start":{"line":3,"column":26},"end":{"line":3,"column":65}},"3":{"start":{"line":5,"column":0},"end":{"line":33,"column":2}},"4":{"start":{"line":7,"column":4},"end":{"line":10,"column":6}},"5":{"start":{"line":14,"column":4},"end":{"line":17,"column":6}},"6":{"start":{"line":21,"column":4},"end":{"line":24,"column":6}},"7":{"start":{"line":28,"column":4},"end":{"line":31,"column":6}}},"fnMap":{"0":{"name":"(anonymous_0)","decl":{"start":{"line":6,"column":2},"end":{"line":6,"column":3}},"loc":{"start":{"line":6,"column":31},"end":{"line":11,"column":3}},"line":6},"1":{"name":"(anonymous_1)","decl":{"start":{"line":13,"column":2},"end":{"line":13,"column":3}},"loc":{"start":{"line":13,"column":31},"end":{"line":18,"column":3}},"line":13},"2":{"name":"(anonymous_2)","decl":{"start":{"line":20,"column":2},"end":{"line":20,"column":3}},"loc":{"start":{"line":20,"column":24},"end":{"line":25,"column":3}},"line":20},"3":{"name":"(anonymous_3)","decl":{"start":{"line":27,"column":2},"end":{"line":27,"column":3}},"loc":{"start":{"line":27,"column":18},"end":{"line":32,"column":3}},"line":27}},"branchMap":{},"s":{"0":1,"1":1,"2":1,"3":1,"4":2,"5":4,"6":1,"7":1},"f":{"0":2,"1":4,"2":1,"3":1},"b":{},"_coverageSchema":"1a1c01bbd47fc00a2c39e90264f33305004495a9","hash":"43161e6f21044db687287c8bdda4288aa901995a"}
,"/home/demarche/www/gatry/src/services/auth-service.js": {"path":"/home/demarche/www/gatry/src/services/auth-service.js","statementMap":{"0":{"start":{"line":1,"column":49},"end":{"line":1,"column":69}},"1":{"start":{"line":3,"column":0},"end":{"line":47,"column":2}},"2":{"start":{"line":5,"column":4},"end":{"line":5,"column":41}},"3":{"start":{"line":6,"column":4},"end":{"line":6,"column":31}},"4":{"start":{"line":7,"column":4},"end":{"line":7,"column":41}},"5":{"start":{"line":11,"column":4},"end":{"line":13,"column":5}},"6":{"start":{"line":12,"column":6},"end":{"line":12,"column":43}},"7":{"start":{"line":15,"column":4},"end":{"line":17,"column":5}},"8":{"start":{"line":16,"column":6},"end":{"line":16,"column":46}},"9":{"start":{"line":19,"column":4},"end":{"line":21,"column":5}},"10":{"start":{"line":20,"column":6},"end":{"line":20,"column":52}},"11":{"start":{"line":23,"column":4},"end":{"line":25,"column":5}},"12":{"start":{"line":24,"column":6},"end":{"line":24,"column":52}},"13":{"start":{"line":27,"column":4},"end":{"line":29,"column":5}},"14":{"start":{"line":28,"column":6},"end":{"line":28,"column":47}},"15":{"start":{"line":31,"column":17},"end":{"line":31,"column":61}},"16":{"start":{"line":33,"column":4},"end":{"line":35,"column":5}},"17":{"start":{"line":34,"column":6},"end":{"line":34,"column":18}},"18":{"start":{"line":37,"column":20},"end":{"line":37,"column":73}},"19":{"start":{"line":39,"column":4},"end":{"line":41,"column":5}},"20":{"start":{"line":40,"column":6},"end":{"line":40,"column":18}},"21":{"start":{"line":43,"column":18},"end":{"line":43,"column":61}},"22":{"start":{"line":45,"column":4},"end":{"line":45,"column":17}}},"fnMap":{"0":{"name":"(anonymous_0)","decl":{"start":{"line":4,"column":2},"end":{"line":4,"column":3}},"loc":{"start":{"line":4,"column":57},"end":{"line":8,"column":3}},"line":4},"1":{"name":"(anonymous_1)","decl":{"start":{"line":10,"column":2},"end":{"line":10,"column":3}},"loc":{"start":{"line":10,"column":34},"end":{"line":46,"column":3}},"line":10}},"branchMap":{"0":{"loc":{"start":{"line":11,"column":4},"end":{"line":13,"column":5}},"type":"if","locations":[{"start":{"line":11,"column":4},"end":{"line":13,"column":5}},{"start":{},"end":{}}],"line":11},"1":{"loc":{"start":{"line":15,"column":4},"end":{"line":17,"column":5}},"type":"if","locations":[{"start":{"line":15,"column":4},"end":{"line":17,"column":5}},{"start":{},"end":{}}],"line":15},"2":{"loc":{"start":{"line":19,"column":4},"end":{"line":21,"column":5}},"type":"if","locations":[{"start":{"line":19,"column":4},"end":{"line":21,"column":5}},{"start":{},"end":{}}],"line":19},"3":{"loc":{"start":{"line":23,"column":4},"end":{"line":25,"column":5}},"type":"if","locations":[{"start":{"line":23,"column":4},"end":{"line":25,"column":5}},{"start":{},"end":{}}],"line":23},"4":{"loc":{"start":{"line":27,"column":4},"end":{"line":29,"column":5}},"type":"if","locations":[{"start":{"line":27,"column":4},"end":{"line":29,"column":5}},{"start":{},"end":{}}],"line":27},"5":{"loc":{"start":{"line":33,"column":4},"end":{"line":35,"column":5}},"type":"if","locations":[{"start":{"line":33,"column":4},"end":{"line":35,"column":5}},{"start":{},"end":{}}],"line":33},"6":{"loc":{"start":{"line":39,"column":4},"end":{"line":41,"column":5}},"type":"if","locations":[{"start":{"line":39,"column":4},"end":{"line":41,"column":5}},{"start":{},"end":{}}],"line":39}},"s":{"0":1,"1":1,"2":9,"3":9,"4":9,"5":9,"6":1,"7":8,"8":1,"9":7,"10":1,"11":6,"12":1,"13":5,"14":1,"15":4,"16":4,"17":2,"18":2,"19":2,"20":1,"21":1,"22":1},"f":{"0":9,"1":9},"b":{"0":[1,8],"1":[1,7],"2":[1,6],"3":[1,5],"4":[1,4],"5":[2,2],"6":[1,1]},"_coverageSchema":"1a1c01bbd47fc00a2c39e90264f33305004495a9","hash":"70e2f1029220de5ccd5bad24b90f7f12f24bf34f"}
,"/home/demarche/www/gatry/src/services/login-service.js": {"path":"/home/demarche/www/gatry/src/services/login-service.js","statementMap":{"0":{"start":{"line":1,"column":21},"end":{"line":1,"column":55}},"1":{"start":{"line":3,"column":0},"end":{"line":30,"column":2}},"2":{"start":{"line":5,"column":4},"end":{"line":5,"column":35}},"3":{"start":{"line":8,"column":4},"end":{"line":28,"column":5}},"4":{"start":{"line":9,"column":34},"end":{"line":9,"column":51}},"5":{"start":{"line":11,"column":6},"end":{"line":13,"column":7}},"6":{"start":{"line":12,"column":8},"end":{"line":12,"column":48}},"7":{"start":{"line":15,"column":6},"end":{"line":17,"column":7}},"8":{"start":{"line":16,"column":8},"end":{"line":16,"column":51}},"9":{"start":{"line":19,"column":26},"end":{"line":19,"column":74}},"10":{"start":{"line":21,"column":6},"end":{"line":23,"column":7}},"11":{"start":{"line":22,"column":8},"end":{"line":22,"column":43}},"12":{"start":{"line":25,"column":6},"end":{"line":25,"column":46}},"13":{"start":{"line":27,"column":6},"end":{"line":27,"column":48}}},"fnMap":{"0":{"name":"(anonymous_0)","decl":{"start":{"line":4,"column":2},"end":{"line":4,"column":3}},"loc":{"start":{"line":4,"column":27},"end":{"line":6,"column":3}},"line":4},"1":{"name":"(anonymous_1)","decl":{"start":{"line":7,"column":2},"end":{"line":7,"column":3}},"loc":{"start":{"line":7,"column":28},"end":{"line":29,"column":3}},"line":7}},"branchMap":{"0":{"loc":{"start":{"line":11,"column":6},"end":{"line":13,"column":7}},"type":"if","locations":[{"start":{"line":11,"column":6},"end":{"line":13,"column":7}},{"start":{},"end":{}}],"line":11},"1":{"loc":{"start":{"line":15,"column":6},"end":{"line":17,"column":7}},"type":"if","locations":[{"start":{"line":15,"column":6},"end":{"line":17,"column":7}},{"start":{},"end":{}}],"line":15},"2":{"loc":{"start":{"line":21,"column":6},"end":{"line":23,"column":7}},"type":"if","locations":[{"start":{"line":21,"column":6},"end":{"line":23,"column":7}},{"start":{},"end":{}}],"line":21}},"s":{"0":1,"1":1,"2":8,"3":8,"4":8,"5":6,"6":1,"7":5,"8":1,"9":4,"10":2,"11":1,"12":1,"13":4},"f":{"0":8,"1":8},"b":{"0":[1,5],"1":[1,4],"2":[1,1]},"_coverageSchema":"1a1c01bbd47fc00a2c39e90264f33305004495a9","hash":"9f78fc71896092ba0ce37cbd422bcd3a16c32d4c"}
}
