TN:
SF:src/helpers/encryptor.js
FN:5,(anonymous_0)
FNF:1
FNH:1
FNDA:5,(anonymous_0)
DA:1,1
DA:2,1
DA:4,1
DA:6,5
DA:7,1
DA:10,4
DA:11,1
DA:14,3
LF:8
LH:8
BRDA:6,0,0,1
BRDA:6,0,1,4
BRDA:10,1,0,1
BRDA:10,1,1,3
BRF:4
BRH:4
end_of_record
TN:
SF:src/helpers/httpResponse.js
FN:5,(anonymous_0)
FN:12,(anonymous_1)
FN:19,(anonymous_2)
FN:26,(anonymous_3)
FNF:4
FNH:4
FNDA:10,(anonymous_0)
FNDA:5,(anonymous_1)
FNDA:1,(anonymous_2)
FNDA:1,(anonymous_3)
DA:1,2
DA:2,2
DA:4,2
DA:6,10
DA:13,5
DA:20,1
DA:27,1
LF:7
LH:7
BRF:0
BRH:0
end_of_record
TN:
SF:src/helpers/mongo-helper.js
FN:4,(anonymous_0)
FN:13,(anonymous_1)
FN:19,(anonymous_2)
FNF:3
FNH:3
FNDA:1,(anonymous_0)
FNDA:1,(anonymous_1)
FNDA:3,(anonymous_2)
DA:1,1
DA:3,1
DA:5,1
DA:6,1
DA:10,1
DA:14,1
DA:15,1
DA:16,1
DA:20,3
DA:21,0
DA:23,3
LF:11
LH:10
BRDA:20,0,0,0
BRDA:20,0,1,3
BRF:2
BRH:1
end_of_record
TN:
SF:src/helpers/tokenGenerator.js
FN:5,(anonymous_0)
FN:8,(anonymous_1)
FNF:2
FNH:2
FNDA:5,(anonymous_0)
FNDA:5,(anonymous_1)
DA:1,1
DA:2,1
DA:4,1
DA:6,5
DA:9,5
DA:10,1
DA:13,4
DA:14,1
DA:17,3
DA:19,3
LF:10
LH:10
BRDA:9,0,0,1
BRDA:9,0,1,4
BRDA:13,1,0,1
BRDA:13,1,1,3
BRF:4
BRH:4
end_of_record
TN:
SF:src/helpers/errors/index.js
FNF:0
FNH:0
DA:1,5
DA:2,5
DA:3,5
DA:4,5
DA:6,5
LF:5
LH:5
BRF:0
BRH:0
end_of_record
TN:
SF:src/helpers/errors/invalidParam-error.js
FN:2,(anonymous_0)
FNF:1
FNH:1
FNDA:2,(anonymous_0)
DA:1,5
DA:3,2
DA:4,2
LF:3
LH:3
BRF:0
BRH:0
end_of_record
TN:
SF:src/helpers/errors/missingParam-error.js
FN:2,(anonymous_0)
FNF:1
FNH:1
FNDA:32,(anonymous_0)
DA:1,6
DA:3,32
DA:4,32
LF:3
LH:3
BRF:0
BRH:0
end_of_record
TN:
SF:src/helpers/errors/server-error.js
FN:2,(anonymous_0)
FNF:1
FNH:1
FNDA:10,(anonymous_0)
DA:1,5
DA:3,10
DA:4,10
LF:3
LH:3
BRF:0
BRH:0
end_of_record
TN:
SF:src/helpers/errors/unauthorized-error.js
FN:2,(anonymous_0)
FNF:1
FNH:1
FNDA:2,(anonymous_0)
DA:1,5
DA:3,2
DA:4,2
LF:3
LH:3
BRF:0
BRH:0
end_of_record
TN:
SF:src/models/user-model.js
FN:9,(anonymous_0)
FNF:1
FNH:1
FNDA:1,(anonymous_0)
DA:1,1
DA:10,1
DA:11,1
DA:12,1
LF:4
LH:4
BRF:0
BRH:0
end_of_record
TN:
SF:src/repositories/user-repository.js
FN:5,(anonymous_0)
FN:8,(anonymous_1)
FNF:2
FNH:2
FNDA:3,(anonymous_0)
FNDA:3,(anonymous_1)
DA:1,1
DA:2,1
DA:4,1
DA:6,3
DA:9,3
DA:10,1
DA:13,2
DA:14,2
DA:19,2
DA:20,1
DA:23,1
DA:25,1
LF:12
LH:12
BRDA:9,0,0,1
BRDA:9,0,1,2
BRDA:19,1,0,1
BRDA:19,1,1,1
BRF:4
BRH:4
end_of_record
TN:
SF:src/router/create-user-router.js
FN:5,(anonymous_0)
FN:8,(anonymous_1)
FNF:2
FNH:2
FNDA:9,(anonymous_0)
FNDA:9,(anonymous_1)
DA:1,1
DA:2,1
DA:4,1
DA:6,9
DA:9,9
DA:11,9
DA:13,9
DA:14,1
DA:17,8
DA:18,1
DA:21,7
DA:22,1
DA:25,6
DA:26,1
DA:29,5
DA:30,1
DA:35,4
DA:36,1
DA:39,3
DA:40,1
DA:43,2
DA:44,1
DA:49,1
DA:59,0
DA:61,1
LF:25
LH:24
BRDA:13,0,0,1
BRDA:13,0,1,8
BRDA:17,1,0,1
BRDA:17,1,1,7
BRDA:21,2,0,1
BRDA:21,2,1,6
BRDA:25,3,0,1
BRDA:25,3,1,5
BRDA:29,4,0,1
BRDA:29,4,1,4
BRDA:35,5,0,1
BRDA:35,5,1,3
BRDA:39,6,0,1
BRDA:39,6,1,2
BRDA:43,7,0,1
BRDA:43,7,1,1
BRF:16
BRH:16
end_of_record
TN:
SF:src/router/login-router.js
FN:5,(anonymous_0)
FN:8,(anonymous_1)
FNF:2
FNH:2
FNDA:8,(anonymous_0)
FNDA:8,(anonymous_1)
DA:1,1
DA:2,1
DA:4,1
DA:6,8
DA:9,8
DA:10,8
DA:12,6
DA:13,1
DA:16,5
DA:17,1
DA:20,4
DA:22,2
DA:23,1
DA:26,1
DA:28,4
LF:15
LH:15
BRDA:12,0,0,1
BRDA:12,0,1,5
BRDA:16,1,0,1
BRDA:16,1,1,4
BRDA:22,2,0,1
BRDA:22,2,1,1
BRF:6
BRH:6
end_of_record
TN:
SF:src/services/auth-service.js
FN:4,(anonymous_0)
FN:10,(anonymous_1)
FNF:2
FNH:2
FNDA:5,(anonymous_0)
FNDA:5,(anonymous_1)
DA:1,1
DA:3,1
DA:5,5
DA:6,5
DA:7,5
DA:11,5
DA:12,1
DA:15,4
DA:16,1
DA:19,3
DA:22,3
DA:24,3
DA:25,2
DA:28,1
DA:30,1
LF:15
LH:15
BRDA:11,0,0,1
BRDA:11,0,1,4
BRDA:15,1,0,1
BRDA:15,1,1,3
BRDA:22,2,0,3
BRDA:22,2,1,3
BRDA:24,3,0,2
BRDA:24,3,1,1
BRF:8
BRH:8
end_of_record
