TN:
SF:src/errors/index.js
FNF:0
FNH:0
DA:1,2
DA:2,2
DA:3,2
DA:4,2
DA:6,2
LF:5
LH:5
BRF:0
BRH:0
end_of_record
TN:
SF:src/errors/invalidParam-error.js
FN:2,(anonymous_0)
FNF:1
FNH:1
FNDA:2,(anonymous_0)
DA:1,2
DA:3,2
DA:4,2
LF:3
LH:3
BRF:0
BRH:0
end_of_record
TN:
SF:src/errors/missingParam-error.js
FN:2,(anonymous_0)
FNF:1
FNH:1
FNDA:12,(anonymous_0)
DA:1,2
DA:3,12
DA:4,12
LF:3
LH:3
BRF:0
BRH:0
end_of_record
TN:
SF:src/errors/server-error.js
FN:2,(anonymous_0)
FNF:1
FNH:1
FNDA:8,(anonymous_0)
DA:1,2
DA:3,8
DA:4,8
LF:3
LH:3
BRF:0
BRH:0
end_of_record
TN:
SF:src/errors/unauthorized-error.js
FN:2,(anonymous_0)
FNF:1
FNH:1
FNDA:2,(anonymous_0)
DA:1,2
DA:3,2
DA:4,2
LF:3
LH:3
BRF:0
BRH:0
end_of_record
TN:
SF:src/helpers/httpResponse.js
FN:6,(anonymous_0)
FN:13,(anonymous_1)
FN:20,(anonymous_2)
FN:27,(anonymous_3)
FNF:4
FNH:4
FNDA:2,(anonymous_0)
FNDA:4,(anonymous_1)
FNDA:1,(anonymous_2)
FNDA:1,(anonymous_3)
DA:1,1
DA:2,1
DA:3,1
DA:5,1
DA:7,2
DA:14,4
DA:21,1
DA:28,1
LF:8
LH:8
BRF:0
BRH:0
end_of_record
TN:
SF:src/services/auth-service.js
FN:4,(anonymous_0)
FN:10,(anonymous_1)
FNF:2
FNH:2
FNDA:9,(anonymous_0)
FNDA:9,(anonymous_1)
DA:1,1
DA:3,1
DA:5,9
DA:6,9
DA:7,9
DA:11,9
DA:12,1
DA:15,8
DA:16,1
DA:19,7
DA:20,1
DA:23,6
DA:24,1
DA:27,5
DA:28,1
DA:31,4
DA:33,4
DA:34,2
DA:37,2
DA:39,2
DA:40,1
DA:43,1
DA:45,1
LF:23
LH:23
BRDA:11,0,0,1
BRDA:11,0,1,8
BRDA:15,1,0,1
BRDA:15,1,1,7
BRDA:19,2,0,1
BRDA:19,2,1,6
BRDA:23,3,0,1
BRDA:23,3,1,5
BRDA:27,4,0,1
BRDA:27,4,1,4
BRDA:33,5,0,2
BRDA:33,5,1,2
BRDA:39,6,0,1
BRDA:39,6,1,1
BRF:14
BRH:14
end_of_record
TN:
SF:src/services/login-service.js
FN:4,(anonymous_0)
FN:7,(anonymous_1)
FNF:2
FNH:2
FNDA:8,(anonymous_0)
FNDA:8,(anonymous_1)
DA:1,1
DA:3,1
DA:5,8
DA:8,8
DA:9,8
DA:11,6
DA:12,1
DA:15,5
DA:16,1
DA:19,4
DA:21,2
DA:22,1
DA:25,1
DA:27,4
LF:14
LH:14
BRDA:11,0,0,1
BRDA:11,0,1,5
BRDA:15,1,0,1
BRDA:15,1,1,4
BRDA:21,2,0,1
BRDA:21,2,1,1
BRF:6
BRH:6
end_of_record
